<?xml version="1.0" encoding="UTF-8"?>
<coverage generated="1688603801951" clover="3.2.0">
  <project timestamp="1688603801951" name="All files">
    <metrics statements="29" coveredstatements="29" conditionals="6" coveredconditionals="6" methods="9" coveredmethods="9" elements="44" coveredelements="44" complexity="0" loc="29" ncloc="29" packages="1" files="1" classes="1"/>
    <file name="cpf.validator.ts" path="/home/allancsantos/Development/github/curso-branas/backend/src/cpf.validator.ts">
      <metrics statements="29" coveredstatements="29" conditionals="6" coveredconditionals="6" methods="9" coveredmethods="9"/>
      <line num="1" count="1" type="stmt"/>
      <line num="4" count="9" type="stmt"/>
      <line num="5" count="9" type="cond" truecount="1" falsecount="0"/>
      <line num="10" count="9" type="cond" truecount="1" falsecount="0"/>
      <line num="11" count="8" type="stmt"/>
      <line num="12" count="8" type="cond" truecount="1" falsecount="0"/>
      <line num="13" count="6" type="cond" truecount="1" falsecount="0"/>
      <line num="14" count="5" type="stmt"/>
      <line num="15" count="5" type="stmt"/>
      <line num="17" count="5" type="stmt"/>
      <line num="18" count="5" type="stmt"/>
      <line num="19" count="5" type="stmt"/>
      <line num="20" count="5" type="stmt"/>
      <line num="21" count="5" type="stmt"/>
      <line num="22" count="5" type="stmt"/>
      <line num="23" count="5" type="stmt"/>
      <line num="24" count="5" type="stmt"/>
      <line num="25" count="5" type="stmt"/>
      <line num="29" count="5" type="stmt"/>
      <line num="30" count="5" type="stmt"/>
      <line num="34" count="8" type="stmt"/>
      <line num="38" count="8" type="stmt"/>
      <line num="42" count="21" type="stmt"/>
      <line num="46" count="10" type="cond" truecount="2" falsecount="0"/>
      <line num="50" count="10" type="stmt"/>
      <line num="51" count="10" type="stmt"/>
      <line num="52" count="90" type="stmt"/>
      <line num="53" count="90" type="stmt"/>
      <line num="55" count="10" type="stmt"/>
    </file>
  </project>
</coverage>
