{"/home/allancsantos/Development/github/curso-branas/backend/src/cpf.validator.ts": {"path":"/home/allancsantos/Development/github/curso-branas/backend/src/cpf.validator.ts","statementMap":{"0":{"start":{"line":4,"column":8},"end":{"line":4,"column":27}},"1":{"start":{"line":5,"column":8},"end":{"line":5,"column":60}},"2":{"start":{"line":5,"column":29},"end":{"line":5,"column":60}},"3":{"start":{"line":10,"column":8},"end":{"line":10,"column":37}},"4":{"start":{"line":10,"column":24},"end":{"line":10,"column":37}},"5":{"start":{"line":11,"column":8},"end":{"line":11,"column":24}},"6":{"start":{"line":12,"column":8},"end":{"line":12,"column":47}},"7":{"start":{"line":12,"column":34},"end":{"line":12,"column":47}},"8":{"start":{"line":13,"column":8},"end":{"line":13,"column":52}},"9":{"start":{"line":13,"column":39},"end":{"line":13,"column":52}},"10":{"start":{"line":14,"column":26},"end":{"line":14,"column":27}},"11":{"start":{"line":14,"column":43},"end":{"line":14,"column":44}},"12":{"start":{"line":15,"column":26},"end":{"line":15,"column":27}},"13":{"start":{"line":15,"column":43},"end":{"line":15,"column":44}},"14":{"start":{"line":15,"column":53},"end":{"line":15,"column":54}},"15":{"start":{"line":17,"column":8},"end":{"line":17,"column":55}},"16":{"start":{"line":18,"column":8},"end":{"line":18,"column":55}},"17":{"start":{"line":19,"column":8},"end":{"line":19,"column":34}},"18":{"start":{"line":20,"column":8},"end":{"line":20,"column":51}},"19":{"start":{"line":21,"column":8},"end":{"line":21,"column":39}},"20":{"start":{"line":22,"column":8},"end":{"line":22,"column":34}},"21":{"start":{"line":23,"column":8},"end":{"line":23,"column":51}},"22":{"start":{"line":24,"column":8},"end":{"line":24,"column":61}},"23":{"start":{"line":25,"column":8},"end":{"line":25,"column":71}},"24":{"start":{"line":29,"column":32},"end":{"line":29,"column":71}},"25":{"start":{"line":30,"column":8},"end":{"line":30,"column":48}},"26":{"start":{"line":34,"column":8},"end":{"line":34,"column":40}},"27":{"start":{"line":38,"column":8},"end":{"line":38,"column":51}},"28":{"start":{"line":42,"column":8},"end":{"line":42,"column":null}},"29":{"start":{"line":42,"column":49},"end":{"line":42,"column":68}},"30":{"start":{"line":46,"column":8},"end":{"line":46,"column":40}},"31":{"start":{"line":50,"column":26},"end":{"line":50,"column":27}},"32":{"start":{"line":50,"column":43},"end":{"line":50,"column":44}},"33":{"start":{"line":51,"column":8},"end":{"line":54,"column":10}},"34":{"start":{"line":51,"column":26},"end":{"line":51,"column":27}},"35":{"start":{"line":52,"column":12},"end":{"line":52,"column":69}},"36":{"start":{"line":53,"column":12},"end":{"line":53,"column":58}},"37":{"start":{"line":55,"column":8},"end":{"line":55,"column":27}},"38":{"start":{"line":1,"column":0},"end":{"line":1,"column":21}}},"fnMap":{"0":{"name":"(anonymous_0)","decl":{"start":{"line":3,"column":4},"end":{"line":3,"column":16}},"loc":{"start":{"line":3,"column":29},"end":{"line":7,"column":5}}},"1":{"name":"(anonymous_1)","decl":{"start":{"line":9,"column":12},"end":{"line":9,"column":20}},"loc":{"start":{"line":9,"column":20},"end":{"line":26,"column":5}}},"2":{"name":"(anonymous_2)","decl":{"start":{"line":28,"column":12},"end":{"line":28,"column":30}},"loc":{"start":{"line":28,"column":62},"end":{"line":31,"column":5}}},"3":{"name":"(anonymous_3)","decl":{"start":{"line":33,"column":12},"end":{"line":33,"column":26}},"loc":{"start":{"line":33,"column":26},"end":{"line":35,"column":5}}},"4":{"name":"(anonymous_4)","decl":{"start":{"line":37,"column":12},"end":{"line":37,"column":20}},"loc":{"start":{"line":37,"column":20},"end":{"line":39,"column":5}}},"5":{"name":"(anonymous_5)","decl":{"start":{"line":41,"column":12},"end":{"line":41,"column":30}},"loc":{"start":{"line":41,"column":30},"end":{"line":43,"column":5}}},"6":{"name":"(anonymous_6)","decl":{"start":{"line":42,"column":42},"end":{"line":42,"column":43}},"loc":{"start":{"line":42,"column":49},"end":{"line":42,"column":68}}},"7":{"name":"(anonymous_7)","decl":{"start":{"line":45,"column":12},"end":{"line":45,"column":29}},"loc":{"start":{"line":45,"column":41},"end":{"line":47,"column":5}}},"8":{"name":"(anonymous_8)","decl":{"start":{"line":49,"column":12},"end":{"line":49,"column":23}},"loc":{"start":{"line":49,"column":50},"end":{"line":56,"column":5}}}},"branchMap":{"0":{"loc":{"start":{"line":5,"column":8},"end":{"line":5,"column":60}},"type":"if","locations":[{"start":{"line":5,"column":8},"end":{"line":5,"column":60}}]},"1":{"loc":{"start":{"line":10,"column":8},"end":{"line":10,"column":37}},"type":"if","locations":[{"start":{"line":10,"column":8},"end":{"line":10,"column":37}}]},"2":{"loc":{"start":{"line":12,"column":8},"end":{"line":12,"column":47}},"type":"if","locations":[{"start":{"line":12,"column":8},"end":{"line":12,"column":47}}]},"3":{"loc":{"start":{"line":13,"column":8},"end":{"line":13,"column":52}},"type":"if","locations":[{"start":{"line":13,"column":8},"end":{"line":13,"column":52}}]},"4":{"loc":{"start":{"line":46,"column":15},"end":{"line":46,"column":39}},"type":"cond-expr","locations":[{"start":{"line":46,"column":27},"end":{"line":46,"column":28}},{"start":{"line":46,"column":31},"end":{"line":46,"column":39}}]}},"s":{"0":9,"1":9,"2":5,"3":9,"4":1,"5":8,"6":8,"7":2,"8":6,"9":1,"10":5,"11":5,"12":5,"13":5,"14":5,"15":5,"16":5,"17":5,"18":5,"19":5,"20":5,"21":5,"22":5,"23":5,"24":5,"25":5,"26":8,"27":8,"28":6,"29":21,"30":10,"31":10,"32":10,"33":10,"34":10,"35":90,"36":90,"37":10,"38":1},"f":{"0":9,"1":9,"2":5,"3":8,"4":8,"5":6,"6":21,"7":10,"8":10},"b":{"0":[5],"1":[1],"2":[2],"3":[1],"4":[3,7]}}
}
