TN:
SF:backend/src/cpf.validator.ts
FN:3,(anonymous_0)
FN:9,(anonymous_1)
FN:28,(anonymous_2)
FN:33,(anonymous_3)
FN:37,(anonymous_4)
FN:41,(anonymous_5)
FN:42,(anonymous_6)
FN:45,(anonymous_7)
FN:49,(anonymous_8)
FNF:9
FNH:9
FNDA:9,(anonymous_0)
FNDA:9,(anonymous_1)
FNDA:5,(anonymous_2)
FNDA:8,(anonymous_3)
FNDA:8,(anonymous_4)
FNDA:6,(anonymous_5)
FNDA:21,(anonymous_6)
FNDA:10,(anonymous_7)
FNDA:10,(anonymous_8)
DA:1,1
DA:4,9
DA:5,9
DA:10,9
DA:11,8
DA:12,8
DA:13,6
DA:14,5
DA:15,5
DA:17,5
DA:18,5
DA:19,5
DA:20,5
DA:21,5
DA:22,5
DA:23,5
DA:24,5
DA:25,5
DA:29,5
DA:30,5
DA:34,8
DA:38,8
DA:42,21
DA:46,10
DA:50,10
DA:51,10
DA:52,90
DA:53,90
DA:55,10
LF:29
LH:29
BRDA:5,0,0,5
BRDA:10,1,0,1
BRDA:12,2,0,2
BRDA:13,3,0,1
BRDA:46,4,0,3
BRDA:46,4,1,7
BRF:6
BRH:6
end_of_record
